<?xml version="1.0" encoding="UTF-8"?>
<!-- Generated by org.testng.reporters.JUnitXMLReporter -->
<testsuite ignored="0" hostname="Premdevi" failures="0" tests="7" name="Surefire test" time="13.816" errors="0" timestamp="2026-01-24T14:10:16 IST">
  <testcase classname="api.test.StoreTest" name="testCreateOrder" time="4.476"/>
  <testcase classname="api.test.StoreTest" name="testGetOrderByID" time="1.122"/>
  <testcase classname="api.test.StoreTest" name="testDeleteOrderByID" time="1.439"/>
  <testcase classname="api.test.UserTest" name="testPostUser" time="1.104"/>
  <testcase classname="api.test.UserTest" name="testGetUserByName" time="1.523"/>
  <testcase classname="api.test.UserTest" name="testUpdateUserByName" time="2.167"/>
  <testcase classname="api.test.UserTest" name="testDeleteUserByName" time="1.115"/>
</testsuite> <!-- Surefire test -->
