<?xml version="1.0" encoding="UTF-8"?>
<!-- Generated by org.testng.reporters.JUnitXMLReporter -->
<testsuite ignored="0" hostname="Premdevi" failures="0" tests="4" name="Default test" time="12.012" errors="0" timestamp="2026-01-24T18:14:24 IST">
  <testcase classname="api.test.UserTest" name="testPostUser" time="4.277"/>
  <testcase classname="api.test.UserTest" name="testGetUserByName" time="1.935"/>
  <testcase classname="api.test.UserTest" name="testUpdateUserByName" time="2.914"/>
  <testcase classname="api.test.UserTest" name="testDeleteUserByName" time="1.857"/>
</testsuite> <!-- Default test -->
