<?xml version="1.0" encoding="UTF-8"?>
<!-- Generated by org.testng.reporters.JUnitXMLReporter -->
<testsuite ignored="0" hostname="Premdevi" failures="0" tests="3" name="Default test" time="8.175" errors="0" timestamp="2026-01-26T11:19:54 IST">
  <testcase classname="api.test.StoreTest" name="testCreateOrder" time="5.707"/>
  <testcase classname="api.test.StoreTest" name="testGetOrderByID" time="1.175"/>
  <testcase classname="api.test.StoreTest" name="testDeleteOrderByID" time="1.149"/>
</testsuite> <!-- Default test -->
