<?xml version="1.0" encoding="UTF-8"?>
<testsuite xmlns:xsi="http://www.w3.org/2001/XMLSchema-instance" xsi:noNamespaceSchemaLocation="https://maven.apache.org/surefire/maven-surefire-plugin/xsd/surefire-test-report-3.0.xsd" version="3.0" name="TestSuite" time="33.569" tests="16" errors="0" skipped="0" failures="0">
  <properties>
[...]
</properties>
  <testcase name="testPostUser" classname="api.test.UserTest" time="4.664">
    <system-out><![CDATA[********** User Test **********
Request method:	POST
Request URI:	https://petstore.swagger.io/v2/user
{
    "code": 200,
    "type": "unknown",
    "message": "1934932165"
}
]]></system-out>
    <system-err><![CDATA[SLF4J: Failed to load class "org.slf4j.impl.StaticLoggerBinder".
SLF4J: Defaulting to no-operation (NOP) logger implementation
SLF4J: See http://www.slf4j.org/codes.html#StaticLoggerBinder for further details.
]]></system-err>
  </testcase>
  <testcase name="testGetUserByName" classname="api.test.UserTest" time="2.06">
    <system-out><![CDATA[Request method:	GET
Request URI:	https://petstore.swagger.io/v2/user/diego.murphy
{
    "id": 1934932165,
    "username": "diego.murphy",
    "firstName": "Lisabeth",
    "lastName": "Bashirian",
    "email": "stanton.lowe@example.com",
    "password": "zywzn",
    "phone": "1-891-990-1253",
    "userStatus": 0
}
]]></system-out>
  </testcase>
  <testcase name="testUpdateUserByName" classname="api.test.UserTest" time="2.625">
    <system-out><![CDATA[Request method:	PUT
Request URI:	https://petstore.swagger.io/v2/user/diego.murphy
{
    "code": 200,
    "type": "unknown",
    "message": "1934932165"
}
Request method:	GET
Request URI:	https://petstore.swagger.io/v2/user/diego.murphy
{
    "id": 1934932165,
    "username": "diego.murphy",
    "firstName": "Caroll",
    "lastName": "Monahan",
    "email": "stacey.okuneva@example.com",
    "password": "zywzn",
    "phone": "1-891-990-1253",
    "userStatus": 0
}
]]></system-out>
  </testcase>
  <testcase name="testDeleteUserByName" classname="api.test.UserTest" time="1.576">
    <system-out><![CDATA[Request method:	DELETE
Request URI:	https://petstore.swagger.io/v2/user/diego.murphy
{
    "code": 200,
    "type": "unknown",
    "message": "diego.murphy"
}
]]></system-out>
  </testcase>
  <testcase name="testCreateOrder" classname="api.test.StoreTest" time="1.301">
    <system-out><![CDATA[********** Store Test **********
Request method:	POST
Request URI:	https://petstore.swagger.io/v2/store/order
{
    "id": 944,
    "petId": 1762,
    "quantity": 1,
    "shipDate": "2026-01-25T06:56:18.891+0000",
    "status": "placed",
    "complete": true
}
]]></system-out>
  </testcase>
  <testcase name="testGetOrderByID" classname="api.test.StoreTest" time="1.764">
    <system-out><![CDATA[Request method:	GET
Request URI:	https://petstore.swagger.io/v2/store/order/944
{
    "id": 944,
    "petId": 1762,
    "quantity": 1,
    "shipDate": "2026-01-25T06:56:18.891+0000",
    "status": "placed",
    "complete": true
}
]]></system-out>
  </testcase>
  <testcase name="testDeleteOrderByID" classname="api.test.StoreTest" time="1.575">
    <system-out><![CDATA[Request method:	DELETE
Request URI:	https://petstore.swagger.io/v2/store/order/944
{
    "code": 200,
    "type": "unknown",
    "message": "944"
}
]]></system-out>
  </testcase>
  <testcase name="testPostUser[1010, testuser1, John, Canedy, @gmail.com, test@1, 1234567897](1)" classname="api.test.testUser_DD" time="1.479">
    <system-out><![CDATA[********** User Test using Data Driven Test **********
Request method:	POST
Request URI:	https://petstore.swagger.io/v2/user
{
    "code": 200,
    "type": "unknown",
    "message": "1010"
}
]]></system-out>
  </testcase>
  <testcase name="testPostUser[1020, testuser2, Kim, Kom, @gmail.com, test@2, 1234567897](2)" classname="api.test.testUser_DD" time="1.561">
    <system-out><![CDATA[Request method:	POST
Request URI:	https://petstore.swagger.io/v2/user
{
    "code": 200,
    "type": "unknown",
    "message": "1020"
}
]]></system-out>
  </testcase>
  <testcase name="testPostUser[1030, testuser3, Smith, Steve, @gmail.com, test@3, 1234567897](3)" classname="api.test.testUser_DD" time="1.586">
    <system-out><![CDATA[Request method:	POST
Request URI:	https://petstore.swagger.io/v2/user
{
    "code": 200,
    "type": "unknown",
    "message": "1030"
}
]]></system-out>
  </testcase>
  <testcase name="testGetUserByName[testuser1](1)" classname="api.test.testUser_DD" time="1.781">
    <system-out><![CDATA[Request method:	GET
Request URI:	https://petstore.swagger.io/v2/user/testuser1
{
    "id": 1010,
    "username": "testuser1",
    "firstName": "John",
    "lastName": "Canedy",
    "email": "@gmail.com",
    "password": "test@1",
    "phone": "1234567897",
    "userStatus": 0
}
]]></system-out>
  </testcase>
  <testcase name="testGetUserByName[testuser2](2)" classname="api.test.testUser_DD" time="2.01">
    <system-out><![CDATA[Request method:	GET
Request URI:	https://petstore.swagger.io/v2/user/testuser2
{
    "id": 1020,
    "username": "testuser2",
    "firstName": "Kim",
    "lastName": "Kom",
    "email": "@gmail.com",
    "password": "test@2",
    "phone": "1234567897",
    "userStatus": 0
}
]]></system-out>
  </testcase>
  <testcase name="testGetUserByName[testuser3](3)" classname="api.test.testUser_DD" time="1.396">
    <system-out><![CDATA[Request method:	GET
Request URI:	https://petstore.swagger.io/v2/user/testuser3
{
    "id": 1030,
    "username": "testuser3",
    "firstName": "Smith",
    "lastName": "Steve",
    "email": "@gmail.com",
    "password": "test@3",
    "phone": "1234567897",
    "userStatus": 0
}
]]></system-out>
  </testcase>
  <testcase name="testDeleteUserByName[testuser1](1)" classname="api.test.testUser_DD" time="1.694">
    <system-out><![CDATA[Request method:	DELETE
Request URI:	https://petstore.swagger.io/v2/user/testuser1
{
    "code": 200,
    "type": "unknown",
    "message": "testuser1"
}
]]></system-out>
  </testcase>
  <testcase name="testDeleteUserByName[testuser2](2)" classname="api.test.testUser_DD" time="1.095">
    <system-out><![CDATA[Request method:	DELETE
Request URI:	https://petstore.swagger.io/v2/user/testuser2
{
    "code": 200,
    "type": "unknown",
    "message": "testuser2"
}
]]></system-out>
  </testcase>
  <testcase name="testDeleteUserByName[testuser3](3)" classname="api.test.testUser_DD" time="1.523">
    <system-out><![CDATA[Request method:	DELETE
Request URI:	https://petstore.swagger.io/v2/user/testuser3
{
    "code": 200,
    "type": "unknown",
    "message": "testuser3"
}
]]></system-out>
  </testcase>
</testsuite>