<?xml version="1.0" encoding="UTF-8"?>
<testng-results ignored="0" total="16" passed="16" failed="0" skipped="0">
  <reporter-output>
  </reporter-output>
  <suite started-at="2026-01-24T18:15:36 IST" name="PetSuite" finished-at="2026-01-24T18:16:13 IST" duration-ms="36617">
    <groups>
    </groups>
    <test started-at="2026-01-24T18:15:36 IST" name="PetTest" finished-at="2026-01-24T18:16:13 IST" duration-ms="36617">
      <class name="api.test.UserTest">
        <test-method is-config="true" signature="setup()[pri:0, instance:api.test.UserTest@639c2c1d]" started-at="2026-01-24T18:15:36 IST" name="setup" finished-at="2026-01-24T18:15:37 IST" duration-ms="730" status="PASS">
          <reporter-output>
          </reporter-output>
        </test-method> <!-- setup -->
        <test-method signature="testPostUser()[pri:1, instance:api.test.UserTest@639c2c1d]" started-at="2026-01-24T18:15:37 IST" name="testPostUser" finished-at="2026-01-24T18:15:41 IST" duration-ms="3719" status="PASS">
          <reporter-output>
          </reporter-output>
        </test-method> <!-- testPostUser -->
        <test-method signature="testGetUserByName()[pri:2, instance:api.test.UserTest@639c2c1d]" started-at="2026-01-24T18:15:41 IST" name="testGetUserByName" finished-at="2026-01-24T18:15:43 IST" duration-ms="2096" status="PASS">
          <reporter-output>
          </reporter-output>
        </test-method> <!-- testGetUserByName -->
        <test-method signature="testUpdateUserByName()[pri:3, instance:api.test.UserTest@639c2c1d]" started-at="2026-01-24T18:15:43 IST" name="testUpdateUserByName" finished-at="2026-01-24T18:15:46 IST" duration-ms="3234" status="PASS">
          <reporter-output>
          </reporter-output>
        </test-method> <!-- testUpdateUserByName -->
        <test-method signature="testDeleteUserByName()[pri:4, instance:api.test.UserTest@639c2c1d]" started-at="2026-01-24T18:15:46 IST" name="testDeleteUserByName" finished-at="2026-01-24T18:15:48 IST" duration-ms="1647" status="PASS">
          <reporter-output>
          </reporter-output>
        </test-method> <!-- testDeleteUserByName -->
      </class> <!-- api.test.UserTest -->
      <class name="api.test.testUser_DD">
        <test-method is-config="true" signature="setup()[pri:0, instance:api.test.testUser_DD@51399530]" started-at="2026-01-24T18:15:53 IST" name="setup" finished-at="2026-01-24T18:15:53 IST" duration-ms="0" status="PASS">
          <reporter-output>
          </reporter-output>
        </test-method> <!-- setup -->
        <test-method signature="testPostUser(java.lang.String,java.lang.String,java.lang.String,java.lang.String,java.lang.String,java.lang.String,java.lang.String)[pri:1, instance:api.test.testUser_DD@51399530]" started-at="2026-01-24T18:15:54 IST" name="testPostUser" data-provider="Data" finished-at="2026-01-24T18:15:56 IST" duration-ms="1765" status="PASS">
          <params>
            <param index="0">
              <value>
                <![CDATA[1010]]>
              </value>
            </param>
            <param index="1">
              <value>
                <![CDATA[testuser1]]>
              </value>
            </param>
            <param index="2">
              <value>
                <![CDATA[John]]>
              </value>
            </param>
            <param index="3">
              <value>
                <![CDATA[Canedy]]>
              </value>
            </param>
            <param index="4">
              <value>
                <![CDATA[@gmail.com]]>
              </value>
            </param>
            <param index="5">
              <value>
                <![CDATA[test@1]]>
              </value>
            </param>
            <param index="6">
              <value>
                <![CDATA[1234567897]]>
              </value>
            </param>
          </params>
          <reporter-output>
          </reporter-output>
        </test-method> <!-- testPostUser -->
        <test-method signature="testPostUser(java.lang.String,java.lang.String,java.lang.String,java.lang.String,java.lang.String,java.lang.String,java.lang.String)[pri:1, instance:api.test.testUser_DD@51399530]" started-at="2026-01-24T18:15:56 IST" name="testPostUser" data-provider="Data" finished-at="2026-01-24T18:15:58 IST" duration-ms="1700" status="PASS">
          <params>
            <param index="0">
              <value>
                <![CDATA[1020]]>
              </value>
            </param>
            <param index="1">
              <value>
                <![CDATA[testuser2]]>
              </value>
            </param>
            <param index="2">
              <value>
                <![CDATA[Kim]]>
              </value>
            </param>
            <param index="3">
              <value>
                <![CDATA[Kom]]>
              </value>
            </param>
            <param index="4">
              <value>
                <![CDATA[@gmail.com]]>
              </value>
            </param>
            <param index="5">
              <value>
                <![CDATA[test@2]]>
              </value>
            </param>
            <param index="6">
              <value>
                <![CDATA[1234567897]]>
              </value>
            </param>
          </params>
          <reporter-output>
          </reporter-output>
        </test-method> <!-- testPostUser -->
        <test-method signature="testPostUser(java.lang.String,java.lang.String,java.lang.String,java.lang.String,java.lang.String,java.lang.String,java.lang.String)[pri:1, instance:api.test.testUser_DD@51399530]" started-at="2026-01-24T18:15:58 IST" name="testPostUser" data-provider="Data" finished-at="2026-01-24T18:15:59 IST" duration-ms="1697" status="PASS">
          <params>
            <param index="0">
              <value>
                <![CDATA[1030]]>
              </value>
            </param>
            <param index="1">
              <value>
                <![CDATA[testuser3]]>
              </value>
            </param>
            <param index="2">
              <value>
                <![CDATA[Smith]]>
              </value>
            </param>
            <param index="3">
              <value>
                <![CDATA[Steve]]>
              </value>
            </param>
            <param index="4">
              <value>
                <![CDATA[@gmail.com]]>
              </value>
            </param>
            <param index="5">
              <value>
                <![CDATA[test@3]]>
              </value>
            </param>
            <param index="6">
              <value>
                <![CDATA[1234567897]]>
              </value>
            </param>
          </params>
          <reporter-output>
          </reporter-output>
        </test-method> <!-- testPostUser -->
        <test-method signature="testGetUserByName(java.lang.String)[pri:2, instance:api.test.testUser_DD@51399530]" started-at="2026-01-24T18:16:02 IST" name="testGetUserByName" data-provider="UserNames" finished-at="2026-01-24T18:16:04 IST" duration-ms="2568" status="PASS">
          <params>
            <param index="0">
              <value>
                <![CDATA[testuser1]]>
              </value>
            </param>
          </params>
          <reporter-output>
          </reporter-output>
        </test-method> <!-- testGetUserByName -->
        <test-method signature="testGetUserByName(java.lang.String)[pri:2, instance:api.test.testUser_DD@51399530]" started-at="2026-01-24T18:16:04 IST" name="testGetUserByName" data-provider="UserNames" finished-at="2026-01-24T18:16:06 IST" duration-ms="1649" status="PASS">
          <params>
            <param index="0">
              <value>
                <![CDATA[testuser2]]>
              </value>
            </param>
          </params>
          <reporter-output>
          </reporter-output>
        </test-method> <!-- testGetUserByName -->
        <test-method signature="testGetUserByName(java.lang.String)[pri:2, instance:api.test.testUser_DD@51399530]" started-at="2026-01-24T18:16:06 IST" name="testGetUserByName" data-provider="UserNames" finished-at="2026-01-24T18:16:07 IST" duration-ms="1653" status="PASS">
          <params>
            <param index="0">
              <value>
                <![CDATA[testuser3]]>
              </value>
            </param>
          </params>
          <reporter-output>
          </reporter-output>
        </test-method> <!-- testGetUserByName -->
        <test-method signature="testDeleteUserByName(java.lang.String)[pri:3, instance:api.test.testUser_DD@51399530]" started-at="2026-01-24T18:16:08 IST" name="testDeleteUserByName" data-provider="UserNames" finished-at="2026-01-24T18:16:09 IST" duration-ms="1605" status="PASS">
          <params>
            <param index="0">
              <value>
                <![CDATA[testuser1]]>
              </value>
            </param>
          </params>
          <reporter-output>
          </reporter-output>
        </test-method> <!-- testDeleteUserByName -->
        <test-method signature="testDeleteUserByName(java.lang.String)[pri:3, instance:api.test.testUser_DD@51399530]" started-at="2026-01-24T18:16:09 IST" name="testDeleteUserByName" data-provider="UserNames" finished-at="2026-01-24T18:16:11 IST" duration-ms="1666" status="PASS">
          <params>
            <param index="0">
              <value>
                <![CDATA[testuser2]]>
              </value>
            </param>
          </params>
          <reporter-output>
          </reporter-output>
        </test-method> <!-- testDeleteUserByName -->
        <test-method signature="testDeleteUserByName(java.lang.String)[pri:3, instance:api.test.testUser_DD@51399530]" started-at="2026-01-24T18:16:11 IST" name="testDeleteUserByName" data-provider="UserNames" finished-at="2026-01-24T18:16:13 IST" duration-ms="1611" status="PASS">
          <params>
            <param index="0">
              <value>
                <![CDATA[testuser3]]>
              </value>
            </param>
          </params>
          <reporter-output>
          </reporter-output>
        </test-method> <!-- testDeleteUserByName -->
      </class> <!-- api.test.testUser_DD -->
      <class name="api.test.StoreTest">
        <test-method is-config="true" signature="setupData()[pri:0, instance:api.test.StoreTest@6771beb3]" started-at="2026-01-24T18:15:48 IST" name="setupData" finished-at="2026-01-24T18:15:48 IST" duration-ms="5" status="PASS">
          <reporter-output>
          </reporter-output>
        </test-method> <!-- setupData -->
        <test-method signature="testCreateOrder()[pri:1, instance:api.test.StoreTest@6771beb3]" started-at="2026-01-24T18:15:48 IST" name="testCreateOrder" finished-at="2026-01-24T18:15:49 IST" duration-ms="1577" status="PASS">
          <reporter-output>
          </reporter-output>
        </test-method> <!-- testCreateOrder -->
        <test-method signature="testGetOrderByID()[pri:2, instance:api.test.StoreTest@6771beb3]" started-at="2026-01-24T18:15:49 IST" name="testGetOrderByID" finished-at="2026-01-24T18:15:51 IST" duration-ms="1561" status="PASS">
          <reporter-output>
          </reporter-output>
        </test-method> <!-- testGetOrderByID -->
        <test-method signature="testDeleteOrderByID()[pri:3, instance:api.test.StoreTest@6771beb3]" started-at="2026-01-24T18:15:51 IST" name="testDeleteOrderByID" finished-at="2026-01-24T18:15:53 IST" duration-ms="1953" status="PASS">
          <reporter-output>
          </reporter-output>
        </test-method> <!-- testDeleteOrderByID -->
      </class> <!-- api.test.StoreTest -->
    </test> <!-- PetTest -->
  </suite> <!-- PetSuite -->
</testng-results>
