<?xml version="1.0" encoding="UTF-8"?>
<testng-results ignored="0" total="3" passed="3" failed="0" skipped="0">
  <reporter-output>
  </reporter-output>
  <suite started-at="2026-01-26T11:19:45 IST" name="Default suite" finished-at="2026-01-26T11:19:54 IST" duration-ms="8175">
    <groups>
    </groups>
    <test started-at="2026-01-26T11:19:45 IST" name="Default test" finished-at="2026-01-26T11:19:54 IST" duration-ms="8175">
      <class name="api.test.StoreTest">
        <test-method is-config="true" signature="setupData()[pri:0, instance:api.test.StoreTest@3e694b3f]" started-at="2026-01-26T11:19:45 IST" name="setupData" finished-at="2026-01-26T11:19:45 IST" duration-ms="62" status="PASS">
          <reporter-output>
          </reporter-output>
        </test-method> <!-- setupData -->
        <test-method signature="testCreateOrder()[pri:1, instance:api.test.StoreTest@3e694b3f]" started-at="2026-01-26T11:19:46 IST" name="testCreateOrder" finished-at="2026-01-26T11:19:51 IST" duration-ms="5707" status="PASS">
          <reporter-output>
          </reporter-output>
        </test-method> <!-- testCreateOrder -->
        <test-method signature="testGetOrderByID()[pri:2, instance:api.test.StoreTest@3e694b3f]" started-at="2026-01-26T11:19:51 IST" name="testGetOrderByID" finished-at="2026-01-26T11:19:52 IST" duration-ms="1175" status="PASS">
          <reporter-output>
          </reporter-output>
        </test-method> <!-- testGetOrderByID -->
        <test-method signature="testDeleteOrderByID()[pri:3, instance:api.test.StoreTest@3e694b3f]" started-at="2026-01-26T11:19:52 IST" name="testDeleteOrderByID" finished-at="2026-01-26T11:19:54 IST" duration-ms="1149" status="PASS">
          <reporter-output>
          </reporter-output>
        </test-method> <!-- testDeleteOrderByID -->
      </class> <!-- api.test.StoreTest -->
    </test> <!-- Default test -->
  </suite> <!-- Default suite -->
</testng-results>
