<?xml version="1.0" encoding="UTF-8"?>
<!-- Generated by org.testng.reporters.JUnitXMLReporter -->
<testsuite ignored="0" hostname="Premdevi" failures="0" tests="16" name="PetTest" time="32.64" errors="0" timestamp="2026-01-25T12:26:39 IST">
  <testcase classname="api.test.UserTest" name="testPostUser" time="4.655"/>
  <testcase classname="api.test.UserTest" name="testGetUserByName" time="2.059"/>
  <testcase classname="api.test.UserTest" name="testUpdateUserByName" time="2.61"/>
  <testcase classname="api.test.UserTest" name="testDeleteUserByName" time="1.585"/>
  <testcase classname="api.test.StoreTest" name="testCreateOrder" time="1.299"/>
  <testcase classname="api.test.StoreTest" name="testGetOrderByID" time="1.728"/>
  <testcase classname="api.test.StoreTest" name="testDeleteOrderByID" time="1.586"/>
  <testcase classname="api.test.testUser_DD" name="testPostUser" time="1.453"/>
  <testcase classname="api.test.testUser_DD" name="testPostUser" time="1.559"/>
  <testcase classname="api.test.testUser_DD" name="testPostUser" time="1.537"/>
  <testcase classname="api.test.testUser_DD" name="testGetUserByName" time="1.741"/>
  <testcase classname="api.test.testUser_DD" name="testGetUserByName" time="2.025"/>
  <testcase classname="api.test.testUser_DD" name="testGetUserByName" time="1.311"/>
  <testcase classname="api.test.testUser_DD" name="testDeleteUserByName" time="1.681"/>
  <testcase classname="api.test.testUser_DD" name="testDeleteUserByName" time="1.081"/>
  <testcase classname="api.test.testUser_DD" name="testDeleteUserByName" time="1.537"/>
</testsuite> <!-- PetTest -->
