<?xml version="1.0" encoding="UTF-8"?>
<!-- Generated by org.testng.reporters.JUnitReportReporter -->
<testsuite hostname="Premdevi" failures="0" tests="3" name="api.test.StoreTest" time="5.091" errors="0" timestamp="2026-01-24T18:16:14 IST" skipped="0">
  <testcase classname="api.test.StoreTest" name="testCreateOrder" time="1.577"/>
  <testcase classname="api.test.StoreTest" name="testGetOrderByID" time="1.561"/>
  <testcase classname="api.test.StoreTest" name="testDeleteOrderByID" time="1.953"/>
</testsuite> <!-- api.test.StoreTest -->
