<?xml version="1.0" encoding="UTF-8"?>
<!-- Generated by org.testng.reporters.JUnitReportReporter -->
<testsuite hostname="Premdevi" failures="0" tests="4" name="api.test.UserTest" time="10.696" errors="0" timestamp="2026-01-24T18:16:14 IST" skipped="0">
  <testcase classname="api.test.UserTest" name="testPostUser" time="3.719"/>
  <testcase classname="api.test.UserTest" name="testGetUserByName" time="2.096"/>
  <testcase classname="api.test.UserTest" name="testUpdateUserByName" time="3.234"/>
  <testcase classname="api.test.UserTest" name="testDeleteUserByName" time="1.647"/>
</testsuite> <!-- api.test.UserTest -->
