<?xml version="1.0" encoding="UTF-8"?>
<!-- Generated by org.testng.reporters.JUnitReportReporter -->
<testsuite hostname="Premdevi" failures="0" tests="4" name="api.test.UserTest" time="11.445" errors="0" timestamp="2026-01-26T11:17:48 IST" skipped="0">
  <testcase classname="api.test.UserTest" name="testPostUser" time="4.852"/>
  <testcase classname="api.test.UserTest" name="testGetUserByName" time="2.353"/>
  <testcase classname="api.test.UserTest" name="testUpdateUserByName" time="3.083"/>
  <testcase classname="api.test.UserTest" name="testDeleteUserByName" time="1.157"/>
</testsuite> <!-- api.test.UserTest -->
