<?xml version="1.0" encoding="UTF-8"?>
<!-- Generated by org.testng.reporters.JUnitReportReporter -->
<testsuite hostname="Premdevi" failures="0" tests="9" name="api.test.testUser_DD" time="15.914" errors="0" timestamp="2026-01-24T18:16:14 IST" skipped="0">
  <testcase classname="api.test.testUser_DD" name="testPostUser" time="1.697"/>
  <testcase classname="api.test.testUser_DD" name="testPostUser" time="1.700"/>
  <testcase classname="api.test.testUser_DD" name="testPostUser" time="1.765"/>
  <testcase classname="api.test.testUser_DD" name="testGetUserByName" time="1.649"/>
  <testcase classname="api.test.testUser_DD" name="testGetUserByName" time="2.568"/>
  <testcase classname="api.test.testUser_DD" name="testGetUserByName" time="1.653"/>
  <testcase classname="api.test.testUser_DD" name="testDeleteUserByName" time="1.611"/>
  <testcase classname="api.test.testUser_DD" name="testDeleteUserByName" time="1.666"/>
  <testcase classname="api.test.testUser_DD" name="testDeleteUserByName" time="1.605"/>
</testsuite> <!-- api.test.testUser_DD -->
