<?xml version="1.0" encoding="UTF-8"?>
<!-- Generated by org.testng.reporters.JUnitReportReporter -->
<testsuite hostname="Premdevi" failures="0" tests="3" name="api.test.StoreTest" time="8.031" errors="0" timestamp="2026-01-26T11:19:54 IST" skipped="0">
  <testcase classname="api.test.StoreTest" name="testCreateOrder" time="5.707"/>
  <testcase classname="api.test.StoreTest" name="testGetOrderByID" time="1.175"/>
  <testcase classname="api.test.StoreTest" name="testDeleteOrderByID" time="1.149"/>
</testsuite> <!-- api.test.StoreTest -->
