<?xml version="1.0" encoding="UTF-8"?>
<!-- Generated by org.testng.reporters.JUnitReportReporter -->
<testsuite hostname="Premdevi" failures="0" tests="4" name="api.test.UserTest2" time="9.671" errors="0" timestamp="2026-01-24T13:35:38 IST" skipped="0">
  <testcase classname="api.test.UserTest2" name="testPostUser" time="4.371"/>
  <testcase classname="api.test.UserTest2" name="testGetUserByName" time="1.484"/>
  <testcase classname="api.test.UserTest2" name="testUpdateUserByName" time="2.662"/>
  <testcase classname="api.test.UserTest2" name="testDeleteUserByName" time="1.154"/>
</testsuite> <!-- api.test.UserTest2 -->
