<?xml version="1.0" encoding="UTF-8"?>
<!-- Generated by org.testng.reporters.JUnitReportReporter -->
<testsuite hostname="Premdevi" failures="0" tests="9" name="api.test.testUser_DD" time="13.925" errors="0" timestamp="2026-01-25T12:26:39 IST" skipped="0">
  <testcase classname="api.test.testUser_DD" name="testPostUser" time="1.453"/>
  <testcase classname="api.test.testUser_DD" name="testPostUser" time="1.537"/>
  <testcase classname="api.test.testUser_DD" name="testPostUser" time="1.559"/>
  <testcase classname="api.test.testUser_DD" name="testGetUserByName" time="1.741"/>
  <testcase classname="api.test.testUser_DD" name="testGetUserByName" time="2.025"/>
  <testcase classname="api.test.testUser_DD" name="testGetUserByName" time="1.311"/>
  <testcase classname="api.test.testUser_DD" name="testDeleteUserByName" time="1.537"/>
  <testcase classname="api.test.testUser_DD" name="testDeleteUserByName" time="1.681"/>
  <testcase classname="api.test.testUser_DD" name="testDeleteUserByName" time="1.081"/>
</testsuite> <!-- api.test.testUser_DD -->
