<?xml version="1.0" encoding="UTF-8"?>
<!-- Generated by org.testng.reporters.JUnitReportReporter -->
<testsuite hostname="Premdevi" failures="0" tests="3" name="api.test.StoreTest" time="4.613" errors="0" timestamp="2026-01-25T12:26:39 IST" skipped="0">
  <testcase classname="api.test.StoreTest" name="testCreateOrder" time="1.299"/>
  <testcase classname="api.test.StoreTest" name="testGetOrderByID" time="1.728"/>
  <testcase classname="api.test.StoreTest" name="testDeleteOrderByID" time="1.586"/>
</testsuite> <!-- api.test.StoreTest -->
