<?xml version="1.0" encoding="UTF-8"?>
<!-- Generated by org.testng.reporters.JUnitReportReporter -->
<testsuite hostname="Premdevi" failures="0" tests="4" name="api.test.UserTest" time="10.909" errors="0" timestamp="2026-01-25T12:26:39 IST" skipped="0">
  <testcase classname="api.test.UserTest" name="testPostUser" time="4.655"/>
  <testcase classname="api.test.UserTest" name="testGetUserByName" time="2.059"/>
  <testcase classname="api.test.UserTest" name="testUpdateUserByName" time="2.610"/>
  <testcase classname="api.test.UserTest" name="testDeleteUserByName" time="1.585"/>
</testsuite> <!-- api.test.UserTest -->
