<?xml version="1.0" encoding="UTF-8"?>
<!-- Generated by org.testng.reporters.JUnitXMLReporter -->
<testsuite ignored="0" hostname="Premdevi" failures="0" tests="16" name="PetTest" time="36.617" errors="0" timestamp="2026-01-24T18:16:13 IST">
  <testcase classname="api.test.UserTest" name="testPostUser" time="3.719"/>
  <testcase classname="api.test.UserTest" name="testGetUserByName" time="2.096"/>
  <testcase classname="api.test.UserTest" name="testUpdateUserByName" time="3.234"/>
  <testcase classname="api.test.UserTest" name="testDeleteUserByName" time="1.647"/>
  <testcase classname="api.test.StoreTest" name="testCreateOrder" time="1.577"/>
  <testcase classname="api.test.StoreTest" name="testGetOrderByID" time="1.561"/>
  <testcase classname="api.test.StoreTest" name="testDeleteOrderByID" time="1.953"/>
  <testcase classname="api.test.testUser_DD" name="testPostUser" time="1.765"/>
  <testcase classname="api.test.testUser_DD" name="testPostUser" time="1.7"/>
  <testcase classname="api.test.testUser_DD" name="testPostUser" time="1.697"/>
  <testcase classname="api.test.testUser_DD" name="testGetUserByName" time="2.568"/>
  <testcase classname="api.test.testUser_DD" name="testGetUserByName" time="1.649"/>
  <testcase classname="api.test.testUser_DD" name="testGetUserByName" time="1.653"/>
  <testcase classname="api.test.testUser_DD" name="testDeleteUserByName" time="1.605"/>
  <testcase classname="api.test.testUser_DD" name="testDeleteUserByName" time="1.666"/>
  <testcase classname="api.test.testUser_DD" name="testDeleteUserByName" time="1.611"/>
</testsuite> <!-- PetTest -->
